2023-06-06 10:48:47[ INFO ]>>queryQuestionnaire问卷查询测试成功
2023-06-06 10:50:28[ INFO ]>>queryQuestionnaireList问卷列表查询测试成功
2023-06-06 10:50:34[ INFO ]>>queryQuestionnaireListNow问卷列表查询测试成功
2023-06-06 10:50:40[ INFO ]>>createQuestionnaire创建问卷测试成功
2023-06-06 11:19:03[ INFO ]>>queryQuestionnaireListNow问卷列表查询测试成功
2023-06-06 11:19:03[ INFO ]>>queryQuestionnaireList问卷列表查询测试成功
2023-06-06 11:19:03[ INFO ]>>createQuestionnaire创建问卷测试成功
2023-06-06 14:34:59[ INFO ]>>queryQuestionnaireListNow问卷列表查询测试成功
2023-06-06 14:34:59[ INFO ]>>queryQuestionnaireList问卷列表查询测试成功
2023-06-06 14:34:59[ INFO ]>>createQuestionnaire创建问卷测试成功
2023-06-06 14:42:16[ INFO ]>>queryQuestionnaireListNow问卷列表查询测试成功
2023-06-06 14:42:16[ INFO ]>>queryQuestionnaireList问卷列表查询测试成功
2023-06-06 14:42:16[ INFO ]>>createQuestionnaire创建问卷测试成功
2023-06-06 16:33:43[ INFO ]>>queryQuestionnaireList问卷列表查询测试成功
2023-06-06 16:33:43[ INFO ]>>createQuestionnaire创建问卷测试成功
2023-06-07 13:00:13[ INFO ]>>queryQuestionnaireList问卷列表查询测试成功
2023-06-07 13:00:13[ INFO ]>>createQuestionnaire创建问卷测试成功
2023-06-07 13:14:49[ INFO ]>>queryQuestionnaireList问卷列表查询测试成功
2023-06-07 13:14:50[ INFO ]>>createQuestionnaire创建问卷测试成功
2023-06-07 13:40:42[ INFO ]>>queryQuestionnaireListNow问卷列表查询测试成功
2023-06-07 13:40:42[ INFO ]>>queryQuestionnaireList问卷列表查询测试成功
2023-06-07 13:40:42[ INFO ]>>createQuestionnaire创建问卷测试成功
2023-06-07 14:38:13[ INFO ]>>queryQuestionnaireListNow问卷列表查询测试成功
2023-06-07 14:38:13[ INFO ]>>queryQuestionnaireList问卷列表查询测试成功
2023-06-07 14:38:13[ INFO ]>>createQuestionnaire创建问卷测试成功
2023-06-08 13:34:18[ INFO ]>>queryQuestionnaireListNow问卷列表查询测试成功
2023-06-08 13:34:18[ INFO ]>>queryQuestionnaireList问卷列表查询测试成功
2023-06-08 13:34:19[ INFO ]>>createQuestionnaire创建问卷测试成功
2023-06-08 22:41:13[ INFO ]>>createQuestionnaire创建问卷测试成功
2023-06-08 23:38:23[ INFO ]>>createQuestionnaire创建问卷测试成功
2023-06-09 12:01:42[ INFO ]>>queryQuestionnaireListNow问卷列表查询测试成功
2023-06-09 12:01:42[ INFO ]>>queryQuestionnaireList问卷列表查询测试成功
2023-06-09 12:01:43[ INFO ]>>createQuestionnaire创建问卷测试成功
2023-06-09 13:36:36[ INFO ]>>queryAnswerContentList问卷回答列表查询测试成功
2023-06-09 14:09:13[ INFO ]>>queryAnswerContentList问卷回答列表查询测试成功
2023-06-12 14:49:18[ INFO ]>>queryQuestionnaireListNow问卷列表查询测试成功
2023-06-12 14:49:18[ INFO ]>>queryAnswerContentList问卷回答列表查询测试成功
2023-06-12 14:49:18[ INFO ]>>queryQuestionnaireList问卷列表查询测试成功
2023-06-12 14:49:19[ INFO ]>>createQuestionnaire创建问卷测试成功
2023-06-12 15:38:34[ INFO ]>>queryQuestionnaireListNow问卷列表查询测试成功
2023-06-12 15:38:34[ INFO ]>>queryAnswerContentList问卷回答列表查询测试成功
2023-06-12 15:38:34[ INFO ]>>queryQuestionnaireList问卷列表查询测试成功
2023-06-12 15:38:35[ INFO ]>>createQuestionnaire创建问卷测试成功
2023-06-12 15:51:38[ INFO ]>>queryQuestionnaireListNow问卷列表查询测试成功
2023-06-12 15:51:39[ INFO ]>>queryAnswerContentList问卷回答列表查询测试成功
2023-06-12 15:51:39[ INFO ]>>queryQuestionnaireList问卷列表查询测试成功
2023-06-12 15:51:39[ INFO ]>>createQuestionnaire创建问卷测试成功
2023-06-12 16:37:43[ INFO ]>>queryQuestionnaireListNow问卷列表查询测试成功
2023-06-12 16:37:43[ INFO ]>>queryAnswerContentList问卷回答列表查询测试成功
2023-06-12 16:37:43[ INFO ]>>queryQuestionnaireList问卷列表查询测试成功
2023-06-12 16:37:44[ INFO ]>>createQuestionnaire创建问卷测试成功
2023-06-13 13:58:57[ INFO ]>>queryQuestionnaireListNow问卷列表查询测试成功
2023-06-13 13:58:57[ INFO ]>>queryAnswerContentList问卷回答列表查询测试成功
2023-06-13 13:58:57[ INFO ]>>queryQuestionnaireList问卷列表查询测试成功
2023-06-13 13:58:57[ INFO ]>>createQuestionnaire创建问卷测试成功
